<?xml version="1.0" encoding="UTF-8"?>
<!-- Generated by org.testng.reporters.JUnitReportReporter -->
<testsuite name="maventestngint.Demo" tests="1" time="0.009" ignored="0" failures="0" timestamp="04 Apr 2021 06:44:02 GMT" skipped="0" hostname="DESKTOP-1335TBB" errors="0">
  <testcase name="testA" time="0.009" classname="maventestngint.Demo"/>
</testsuite> <!-- maventestngint.Demo -->
